<?xml version="1.0" encoding="UTF-8"?>
<testsuite name="com.practice.capgemini.CensusAnalyserTest" tests="1" skipped="0" failures="0" errors="0" timestamp="2020-10-19T03:16:42" hostname="swapnaneels-MacBook-Air.local" time="6.519">
  <properties/>
  <testcase name="givenIndianCensusCSVFileReturnsCorrectRecords" classname="com.practice.capgemini.CensusAnalyserTest" time="6.519"/>
  <system-out><![CDATA[]]></system-out>
  <system-err><![CDATA[]]></system-err>
</testsuite>
