<?xml version="1.0" encoding="UTF-8"?>
<testsuite name="com.practice.capgemini.CensusAnalyserTest" tests="16" skipped="0" failures="0" errors="0" timestamp="2020-10-23T07:19:57" hostname="swapnaneels-MacBook-Air.local" time="1.012">
  <properties/>
  <testcase name="givenIndianCensusCSVFileReturnsCorrectRecords" classname="com.practice.capgemini.CensusAnalyserTest" time="0.412"/>
  <testcase name="givenIndianCensusData_WhenSortedOnAreaInSqKm_ShouldReturnSortedResult" classname="com.practice.capgemini.CensusAnalyserTest" time="0.181"/>
  <testcase name="givenIndianCensusData_WhenSortedOnPopulation_ShouldReturnSortedResult" classname="com.practice.capgemini.CensusAnalyserTest" time="0.05"/>
  <testcase name="givenIndianStateCSV_ShouldReturnExactCount" classname="com.practice.capgemini.CensusAnalyserTest" time="0.062"/>
  <testcase name="givenTheStateCensusCSVFileWhenCorrectButCSVHeaderIncorrectReturnsACustomException" classname="com.practice.capgemini.CensusAnalyserTest" time="0.033"/>
  <testcase name="giveIndianCensusDta_WhenSortedOnStateCode_ShouldReturnResult" classname="com.practice.capgemini.CensusAnalyserTest" time="0.103"/>
  <testcase name="givenIndiaCensusData_WithWrongFile_ShouldThrowException" classname="com.practice.capgemini.CensusAnalyserTest" time="0.01"/>
  <testcase name="givenIndianCensusData_WhenSortedOnStateWrong_ShouldReturnWrongSortedResult" classname="com.practice.capgemini.CensusAnalyserTest" time="0.065"/>
  <testcase name="givenIndianCensusData_WhenSortedOnPopulationDensity_ShouldReturnSortedResult" classname="com.practice.capgemini.CensusAnalyserTest" time="0.022"/>
  <testcase name="givenTheStateCensusCSVFileWhenCorrectButDelimiterIncorrectReturnsACustomException" classname="com.practice.capgemini.CensusAnalyserTest" time="0.009"/>
  <testcase name="givenTheStateCodeCSVFileWhenCorrectButCSVHeaderIncorrectReturnsACustomException" classname="com.practice.capgemini.CensusAnalyserTest" time="0.006"/>
  <testcase name="givenIndiaStateCSV_WithWrongFile_ShouldThrowException" classname="com.practice.capgemini.CensusAnalyserTest" time="0.001"/>
  <testcase name="givenTheStateCodeCSVFilewhencorrectbuttypeincorrectReturnsACustomException" classname="com.practice.capgemini.CensusAnalyserTest" time="0.001"/>
  <testcase name="giveIndianCensusDta_WhenSortedOnState_ShouldReturnResult" classname="com.practice.capgemini.CensusAnalyserTest" time="0.014"/>
  <testcase name="givenTheStateCensuCSVFilewhencorrectbuttypeincorrectReturnsACustomException" classname="com.practice.capgemini.CensusAnalyserTest" time="0.002"/>
  <testcase name="givenTheStateCodeCSVFileWhenCorrectButDelimiterIncorrectReturnsACustomException" classname="com.practice.capgemini.CensusAnalyserTest" time="0.005"/>
  <system-out><![CDATA[]]></system-out>
  <system-err><![CDATA[]]></system-err>
</testsuite>
